<?xml version="1.0" encoding="UTF-8"?>
<testng-results skipped="0" failed="0" ignored="0" total="1" passed="1">
  <reporter-output>
  </reporter-output>
  <suite name="Default suite" duration-ms="39" started-at="2019-11-25T09:04:00Z" finished-at="2019-11-25T09:04:00Z">
    <groups>
    </groups>
    <test name="Default test" duration-ms="39" started-at="2019-11-25T09:04:00Z" finished-at="2019-11-25T09:04:00Z">
      <class name="ReadJsonAssignment">
        <test-method status="PASS" signature="Findvalues()[pri:0, instance:ReadJsonAssignment@1753acfe]" name="Findvalues" duration-ms="16" started-at="2019-11-25T09:04:00Z" finished-at="2019-11-25T09:04:00Z">
          <reporter-output>
          </reporter-output>
        </test-method> <!-- Findvalues -->
      </class> <!-- ReadJsonAssignment -->
    </test> <!-- Default test -->
  </suite> <!-- Default suite -->
</testng-results>
